# JRE version: OpenJDK Runtime Environment (11.0.11+9) (build 11.0.11+9-b60-7590822)
# Java VM: OpenJDK 64-Bit Server VM (11.0.11+9-b60-7590822, mixed mode, tiered, compressed oops, g1 gc, windows-amd64)
Heap:
 garbage-first heap   total 262144K, used 139457K [0x0000000080000000, 0x0000000100000000)
  region size 1024K, 14 young (14336K), 4 survivors (4096K)
 Metaspace       used 133291K, capacity 137099K, committed 137396K, reserved 1169408K
  class space    used 16801K, capacity 18260K, committed 18380K, reserved 1048576K
GC Heap History (20 events):
Event: 1059.842 GC heap before
{Heap before GC invocations=35 (full 0):
 garbage-first heap   total 262144K, used 134904K [0x0000000080000000, 0x0000000100000000)
  region size 1024K, 12 young (12288K), 3 survivors (3072K)
 Metaspace       used 130859K, capacity 134626K, committed 134964K, reserved 1167360K
  class space    used 16637K, capacity 18062K, committed 18252K, reserved 1048576K
}
Event: 1059.846 GC heap after
{Heap after GC invocations=36 (full 0):
 garbage-first heap   total 262144K, used 125345K [0x0000000080000000, 0x0000000100000000)
  region size 1024K, 1 young (1024K), 1 survivors (1024K)
 Metaspace       used 130859K, capacity 134626K, committed 134964K, reserved 1167360K
  class space    used 16637K, capacity 18062K, committed 18252K, reserved 1048576K
}
Event: 1061.229 GC heap before
{Heap before GC invocations=36 (full 0):
 garbage-first heap   total 262144K, used 207265K [0x0000000080000000, 0x0000000100000000)
  region size 1024K, 82 young (83968K), 1 survivors (1024K)
 Metaspace       used 132087K, capacity 135884K, committed 136116K, reserved 1167360K
  class space    used 16763K, capacity 18203K, committed 18380K, reserved 1048576K
}
Event: 1061.232 GC heap after
{Heap after GC invocations=37 (full 0):
 garbage-first heap   total 262144K, used 130433K [0x0000000080000000, 0x0000000100000000)
  region size 1024K, 6 young (6144K), 6 survivors (6144K)
 Metaspace       used 132087K, capacity 135884K, committed 136116K, reserved 1167360K
  class space    used 16763K, capacity 18203K, committed 18380K, reserved 1048576K
}
Event: 1367.259 GC heap before
{Heap before GC invocations=38 (full 0):
 garbage-first heap   total 262144K, used 227713K [0x0000000080000000, 0x0000000100000000)
  region size 1024K, 85 young (87040K), 6 survivors (6144K)
 Metaspace       used 132501K, capacity 136303K, committed 136628K, reserved 1167360K
  class space    used 16798K, capacity 18255K, committed 18380K, reserved 1048576K
}
Event: 1367.263 GC heap after
{Heap after GC invocations=39 (full 0):
 garbage-first heap   total 262144K, used 132888K [0x0000000080000000, 0x0000000100000000)
  region size 1024K, 8 young (8192K), 8 survivors (8192K)
 Metaspace       used 132501K, capacity 136303K, committed 136628K, reserved 1167360K
  class space    used 16798K, capacity 18255K, committed 18380K, reserved 1048576K
}
Event: 1367.279 GC heap before
{Heap before GC invocations=39 (full 0):
 garbage-first heap   total 262144K, used 136984K [0x0000000080000000, 0x0000000100000000)
  region size 1024K, 12 young (12288K), 8 survivors (8192K)
 Metaspace       used 132507K, capacity 136305K, committed 136628K, reserved 1167360K
  class space    used 16798K, capacity 18255K, committed 18380K, reserved 1048576K
}
Event: 1367.284 GC heap after
{Heap after GC invocations=40 (full 0):
 garbage-first heap   total 262144K, used 125656K [0x0000000080000000, 0x0000000100000000)
  region size 1024K, 2 young (2048K), 2 survivors (2048K)
 Metaspace       used 132507K, capacity 136305K, committed 136628K, reserved 1167360K
  class space    used 16798K, capacity 18255K, committed 18380K, reserved 1048576K
}
Event: 1367.981 GC heap before
{Heap before GC invocations=40 (full 0):
 garbage-first heap   total 262144K, used 156376K [0x0000000080000000, 0x0000000100000000)
  region size 1024K, 33 young (33792K), 2 survivors (2048K)
 Metaspace       used 132590K, capacity 136451K, committed 136628K, reserved 1167360K
  class space    used 16800K, capacity 18258K, committed 18380K, reserved 1048576K
}
Event: 1367.987 GC heap after
{Heap after GC invocations=41 (full 0):
 garbage-first heap   total 262144K, used 127633K [0x0000000080000000, 0x0000000100000000)
  region size 1024K, 4 young (4096K), 4 survivors (4096K)
 Metaspace       used 132590K, capacity 136451K, committed 136628K, reserved 1167360K
  class space    used 16800K, capacity 18258K, committed 18380K, reserved 1048576K
}
Event: 1368.347 GC heap before
{Heap before GC invocations=42 (full 0):
 garbage-first heap   total 262144K, used 211601K [0x0000000080000000, 0x0000000100000000)
  region size 1024K, 86 young (88064K), 4 survivors (4096K)
 Metaspace       used 132902K, capacity 136724K, committed 136884K, reserved 1167360K
  class space    used 16800K, capacity 18258K, committed 18380K, reserved 1048576K
}
Event: 1368.349 GC heap after
{Heap after GC invocations=43 (full 0):
 garbage-first heap   total 262144K, used 128813K [0x0000000080000000, 0x0000000100000000)
  region size 1024K, 4 young (4096K), 4 survivors (4096K)
 Metaspace       used 132902K, capacity 136724K, committed 136884K, reserved 1167360K
  class space    used 16800K, capacity 18258K, committed 18380K, reserved 1048576K
}
Event: 1368.377 GC heap before
{Heap before GC invocations=43 (full 0):
 garbage-first heap   total 262144K, used 137005K [0x0000000080000000, 0x0000000100000000)
  region size 1024K, 12 young (12288K), 4 survivors (4096K)
 Metaspace       used 132933K, capacity 136729K, committed 136884K, reserved 1167360K
  class space    used 16800K, capacity 18258K, committed 18380K, reserved 1048576K
}
Event: 1368.380 GC heap after
{Heap after GC invocations=44 (full 0):
 garbage-first heap   total 262144K, used 119250K [0x0000000080000000, 0x0000000100000000)
  region size 1024K, 2 young (2048K), 2 survivors (2048K)
 Metaspace       used 132933K, capacity 136729K, committed 136884K, reserved 1167360K
  class space    used 16800K, capacity 18258K, committed 18380K, reserved 1048576K
}
Event: 1368.515 GC heap before
{Heap before GC invocations=44 (full 0):
 garbage-first heap   total 262144K, used 140754K [0x0000000080000000, 0x0000000100000000)
  region size 1024K, 25 young (25600K), 2 survivors (2048K)
 Metaspace       used 133086K, capacity 136890K, committed 137140K, reserved 1169408K
  class space    used 16800K, capacity 18258K, committed 18380K, reserved 1048576K
}
Event: 1368.517 GC heap after
{Heap after GC invocations=45 (full 0):
 garbage-first heap   total 262144K, used 118735K [0x0000000080000000, 0x0000000100000000)
  region size 1024K, 1 young (1024K), 1 survivors (1024K)
 Metaspace       used 133086K, capacity 136890K, committed 137140K, reserved 1169408K
  class space    used 16800K, capacity 18258K, committed 18380K, reserved 1048576K
}
Event: 1979.442 GC heap before
{Heap before GC invocations=46 (full 0):
 garbage-first heap   total 262144K, used 231375K [0x0000000080000000, 0x0000000100000000)
  region size 1024K, 95 young (97280K), 1 survivors (1024K)
 Metaspace       used 133234K, capacity 137097K, committed 137396K, reserved 1169408K
  class space    used 16801K, capacity 18260K, committed 18380K, reserved 1048576K
}
Event: 1979.446 GC heap after
{Heap after GC invocations=47 (full 0):
 garbage-first heap   total 262144K, used 125192K [0x0000000080000000, 0x0000000100000000)
  region size 1024K, 8 young (8192K), 8 survivors (8192K)
 Metaspace       used 133234K, capacity 137097K, committed 137396K, reserved 1169408K
  class space    used 16801K, capacity 18260K, committed 18380K, reserved 1048576K
}
Event: 1980.257 GC heap before
{Heap before GC invocations=47 (full 0):
 garbage-first heap   total 262144K, used 137480K [0x0000000080000000, 0x0000000100000000)
  region size 1024K, 21 young (21504K), 8 survivors (8192K)
 Metaspace       used 133289K, capacity 137098K, committed 137396K, reserved 1169408K
  class space    used 16801K, capacity 18260K, committed 18380K, reserved 1048576K
}
Event: 1980.268 GC heap after
{Heap after GC invocations=48 (full 0):
 garbage-first heap   total 262144K, used 128193K [0x0000000080000000, 0x0000000100000000)
  region size 1024K, 4 young (4096K), 4 survivors (4096K)
 Metaspace       used 133289K, capacity 137098K, committed 137396K, reserved 1169408K
  class space    used 16801K, capacity 18260K, committed 18380K, reserved 1048576K
}

